h:\kbe\kbe\src\lib\python\pcbuild\obj\312amd64_release\pyexpat\xmltok.obj
h:\kbe\kbe\src\lib\python\pcbuild\obj\312amd64_release\pyexpat\xmlparse.obj
h:\kbe\kbe\src\lib\python\pcbuild\obj\312amd64_release\pyexpat\pyexpat.obj
h:\kbe\kbe\src\lib\python\pcbuild\obj\312amd64_release\pyexpat\xmlrole.obj
h:\kbe\kbe\src\lib\python\pcbuild\obj\312amd64_release\pyexpat\vc143.pdb
h:\kbe\kbe\src\lib\python\pcbuild\amd64\pyexpat.pyd
h:\kbe\kbe\src\lib\python\pcbuild\amd64\pyexpat.pdb
h:\kbe\kbe\src\lib\python\pcbuild\obj\312amd64_release\pyexpat\python_nt.res
h:\kbe\kbe\src\lib\python\pcbuild\amd64\pyexpat.lib
h:\kbe\kbe\src\lib\python\pcbuild\amd64\pyexpat.exp
h:\kbe\kbe\src\lib\python\pcbuild\obj\312amd64_release\pyexpat\pyexpat.iobj
h:\kbe\kbe\src\lib\python\pcbuild\obj\312amd64_release\pyexpat\pyexpat.vcxproj.filelistabsolute.txt
h:\kbe\kbe\src\lib\python\pcbuild\obj\312amd64_release\pyexpat\pyexpat.tlog\cl.11812.write.1.tlog
h:\kbe\kbe\src\lib\python\pcbuild\obj\312amd64_release\pyexpat\pyexpat.tlog\cl.command.1.tlog
h:\kbe\kbe\src\lib\python\pcbuild\obj\312amd64_release\pyexpat\pyexpat.tlog\cl.items.tlog
h:\kbe\kbe\src\lib\python\pcbuild\obj\312amd64_release\pyexpat\pyexpat.tlog\cl.read.1.tlog
h:\kbe\kbe\src\lib\python\pcbuild\obj\312amd64_release\pyexpat\pyexpat.tlog\link.command.1.tlog
h:\kbe\kbe\src\lib\python\pcbuild\obj\312amd64_release\pyexpat\pyexpat.tlog\link.read.1.tlog
h:\kbe\kbe\src\lib\python\pcbuild\obj\312amd64_release\pyexpat\pyexpat.tlog\link.secondary.1.tlog
h:\kbe\kbe\src\lib\python\pcbuild\obj\312amd64_release\pyexpat\pyexpat.tlog\link.write.1.tlog
h:\kbe\kbe\src\lib\python\pcbuild\obj\312amd64_release\pyexpat\pyexpat.tlog\rc.command.1.tlog
h:\kbe\kbe\src\lib\python\pcbuild\obj\312amd64_release\pyexpat\pyexpat.tlog\rc.read.1.tlog
h:\kbe\kbe\src\lib\python\pcbuild\obj\312amd64_release\pyexpat\pyexpat.tlog\rc.write.1.tlog
