h:\kbe\kbe\src\lib\python\pcbuild\obj\312amd64_debug\pyexpat\xmltok.obj
h:\kbe\kbe\src\lib\python\pcbuild\obj\312amd64_debug\pyexpat\pyexpat.obj
h:\kbe\kbe\src\lib\python\pcbuild\obj\312amd64_debug\pyexpat\xmlparse.obj
h:\kbe\kbe\src\lib\python\pcbuild\obj\312amd64_debug\pyexpat\xmlrole.obj
h:\kbe\kbe\src\lib\python\pcbuild\obj\312amd64_debug\pyexpat\vc143.pdb
h:\kbe\kbe\src\lib\python\pcbuild\amd64\pyexpat_d.pyd
h:\kbe\kbe\src\lib\python\pcbuild\amd64\pyexpat_d.pdb
h:\kbe\kbe\src\lib\python\pcbuild\obj\312amd64_debug\pyexpat\python_nt.res
h:\kbe\kbe\src\lib\python\pcbuild\amd64\pyexpat_d.lib
h:\kbe\kbe\src\lib\python\pcbuild\amd64\pyexpat_d.exp
h:\kbe\kbe\src\lib\python\pcbuild\amd64\pyexpat_d.ilk
h:\kbe\kbe\src\lib\python\pcbuild\obj\312amd64_debug\pyexpat\pyexpat.vcxproj.filelistabsolute.txt
h:\kbe\kbe\src\lib\python\pcbuild\obj\312amd64_debug\pyexpat\pyexpat.tlog\cl.16048.write.1.tlog
h:\kbe\kbe\src\lib\python\pcbuild\obj\312amd64_debug\pyexpat\pyexpat.tlog\cl.command.1.tlog
h:\kbe\kbe\src\lib\python\pcbuild\obj\312amd64_debug\pyexpat\pyexpat.tlog\cl.items.tlog
h:\kbe\kbe\src\lib\python\pcbuild\obj\312amd64_debug\pyexpat\pyexpat.tlog\cl.read.1.tlog
h:\kbe\kbe\src\lib\python\pcbuild\obj\312amd64_debug\pyexpat\pyexpat.tlog\link.command.1.tlog
h:\kbe\kbe\src\lib\python\pcbuild\obj\312amd64_debug\pyexpat\pyexpat.tlog\link.read.1.tlog
h:\kbe\kbe\src\lib\python\pcbuild\obj\312amd64_debug\pyexpat\pyexpat.tlog\link.secondary.1.tlog
h:\kbe\kbe\src\lib\python\pcbuild\obj\312amd64_debug\pyexpat\pyexpat.tlog\link.write.1.tlog
h:\kbe\kbe\src\lib\python\pcbuild\obj\312amd64_debug\pyexpat\pyexpat.tlog\rc.command.1.tlog
h:\kbe\kbe\src\lib\python\pcbuild\obj\312amd64_debug\pyexpat\pyexpat.tlog\rc.read.1.tlog
h:\kbe\kbe\src\lib\python\pcbuild\obj\312amd64_debug\pyexpat\pyexpat.tlog\rc.write.1.tlog
